<?xml version="1.0" encoding="UTF-8"?>
<testng-results ignored="0" total="1" passed="1" failed="0" skipped="0">
  <reporter-output>
  </reporter-output>
  <suite started-at="2026-03-16T15:21:02 IST" name="GUI Suite" finished-at="2026-03-16T15:21:50 IST" duration-ms="48085">
    <groups>
    </groups>
    <test started-at="2026-03-16T15:21:02 IST" name="GUI Tests" finished-at="2026-03-16T15:21:50 IST" duration-ms="48085">
      <class name="GuiTest.GUIElementsTest">
        <test-method is-config="true" signature="setup()[pri:0, instance:GuiTest.GUIElementsTest@6a6cb05c]" started-at="2026-03-16T15:21:02 IST" name="setup" finished-at="2026-03-16T15:21:09 IST" duration-ms="7025" status="PASS">
          <reporter-output>
          </reporter-output>
        </test-method> <!-- setup -->
        <test-method signature="GUIFormTest()[pri:0, instance:GuiTest.GUIElementsTest@6a6cb05c]" started-at="2026-03-16T15:21:09 IST" name="GUIFormTest" finished-at="2026-03-16T15:21:48 IST" duration-ms="39476" status="PASS">
          <reporter-output>
          </reporter-output>
        </test-method> <!-- GUIFormTest -->
        <test-method is-config="true" signature="teardown()[pri:0, instance:GuiTest.GUIElementsTest@6a6cb05c]" started-at="2026-03-16T15:21:48 IST" name="teardown" finished-at="2026-03-16T15:21:50 IST" duration-ms="1534" status="PASS">
          <reporter-output>
          </reporter-output>
        </test-method> <!-- teardown -->
      </class> <!-- GuiTest.GUIElementsTest -->
    </test> <!-- GUI Tests -->
  </suite> <!-- GUI Suite -->
</testng-results>
